<?xml version="1.0" encoding="UTF-8"?>
<testng-results skipped="0" failed="0" total="1" passed="1">
  <reporter-output>
  </reporter-output>
  <suite name="Suite" duration-ms="111" started-at="2015-11-16T18:26:51Z" finished-at="2015-11-16T18:26:51Z">
    <groups>
    </groups>
    <test name="Test" duration-ms="111" started-at="2015-11-16T18:26:51Z" finished-at="2015-11-16T18:26:51Z">
      <class name="t1.test1.PrintTest">
        <test-method status="PASS" signature="printdata()[pri:0, instance:t1.test1.PrintTest@1888ff2c]" name="printdata" duration-ms="65" started-at="2015-11-16T23:56:51Z" finished-at="2015-11-16T23:56:51Z">
          <reporter-output>
          </reporter-output>
        </test-method> <!-- printdata -->
      </class> <!-- t1.test1.PrintTest -->
    </test> <!-- Test -->
  </suite> <!-- Suite -->
</testng-results>
